Arguments: 
  C:\Program Files\nodejs\node.exe C:\Program Files\nodejs\node_cache\node_modules\yarn\bin\yarn.js

PATH: 
  C:\Windows\system32;C:\Windows;C:\Windows\System32\Wbem;C:\Windows\System32\WindowsPowerShell\v1.0\;C:\Program Files\nodejs\;C:\Program Files\nodejs\node_cache;C:\Android;C:\Windows\System32;C:\Program Files\nodejs\node_cache\bin;C:\Program Files\Git\cmd;C:\Users\Administrator\AppData\Local\Microsoft\WindowsApps;C:\Users\Administrator\AppData\Local\Programs\Microsoft VS Code\bin;C:\Program Files\nodejs\node_global

Yarn version: 
  1.16.0

Node version: 
  10.15.1

Platform: 
  win32 x64

Trace: 
  SyntaxError: D:\xm\webpack-deep\demo02\package.json: Unexpected token / in JSON at position 416
      at JSON.parse (<anonymous>)
      at C:\Program Files\nodejs\node_cache\node_modules\yarn\lib\cli.js:1625:59
      at Generator.next (<anonymous>)
      at step (C:\Program Files\nodejs\node_cache\node_modules\yarn\lib\cli.js:304:30)
      at C:\Program Files\nodejs\node_cache\node_modules\yarn\lib\cli.js:315:13

npm manifest: 
  {
    "name": "demo02",
    "version": "1.0.0",
    "description": "",
    "main": "index.js",
    "scripts": {
      "test": "echo \"Error: no test specified\" && exit 1",
      "dev": "webpack-dev-server --config ./script/webpack.config.js --progress",
      "build": "webpack --config ./script/webpack.config.js"
    },
    "keywords": [],
    "author": "",
    "license": "ISC",
    "devDependencies": {
      "autoprefixer": "^9.5.1",
      // "babel-core": "^7.0.0",
      "babel-loader": "^7.1.5",
      "babel-preset-latest": "^6.24.1",
      "clean-webpack-plugin": "^2.0.2",
      "css-loader": "^2.1.1",
      "ejs": "^2.6.1",
      "ejs-loader": "^0.3.3",
      "extract-text-webpack-plugin": "^3.0.2",
      "file-loader": "^3.0.1",
      "html-loader": "^0.5.5",
      "html-webpack-plugin": "^3.2.0",
      "image-webpack-loader": "^4.6.0",
      "mini-css-extract-plugin": "^0.7.0",
      "node-sass": "^4.14.1",
      "postcss-loader": "^3.0.0",
      "sass-loader": "^7.1.0",
      "style-loader": "^0.23.1",
      "uglifyjs-webpack-plugin": "^2.1.2",
      "url-loader": "^1.1.2",
      "webpack": "^4.30.0",
      "webpack-cli": "^3.3.0",
      "webpack-dev-server": "^3.7.2"
    },
    "dependencies": {
      "@babel/core": "^7.15.5",
      "@babel/preset-env": "^7.15.6"
    }
  }

yarn manifest: 
  No manifest

Lockfile: 
  # THIS IS AN AUTOGENERATED FILE. DO NOT EDIT THIS FILE DIRECTLY.
  # yarn lockfile v1
  
  
  "@discoveryjs/json-ext@^0.5.0":
    version "0.5.3"
    resolved "https://npm.pri.ibanyu.com/@discoveryjs%2fjson-ext/-/json-ext-0.5.3.tgz#90420f9f9c6d3987f176a19a7d8e764271a2f55d"
    integrity sha1-kEIPn5xtOYfxdqGafY52QnGi9V0=
  
  "@types/eslint-scope@^3.7.0":
    version "3.7.1"
    resolved "https://npm.pri.ibanyu.com/@types%2feslint-scope/-/eslint-scope-3.7.1.tgz#8dc390a7b4f9dd9f1284629efce982e41612116e"
    integrity sha1-jcOQp7T53Z8ShGKe/OmC5BYSEW4=
    dependencies:
      "@types/eslint" "*"
      "@types/estree" "*"
  
  "@types/eslint@*":
    version "7.28.0"
    resolved "https://npm.pri.ibanyu.com/@types%2feslint/-/eslint-7.28.0.tgz#7e41f2481d301c68e14f483fe10b017753ce8d5a"
    integrity sha1-fkHySB0wHGjhT0g/4QsBd1POjVo=
    dependencies:
      "@types/estree" "*"
      "@types/json-schema" "*"
  
  "@types/estree@*", "@types/estree@^0.0.50":
    version "0.0.50"
    resolved "https://npm.pri.ibanyu.com/@types%2festree/-/estree-0.0.50.tgz#1e0caa9364d3fccd2931c3ed96fdbeaa5d4cca83"
    integrity sha1-Hgyqk2TT/M0pMcPtlv2+ql1MyoM=
  
  "@types/html-minifier-terser@^5.0.0":
    version "5.1.2"
    resolved "https://npm.pri.ibanyu.com/@types%2fhtml-minifier-terser/-/html-minifier-terser-5.1.2.tgz#693b316ad323ea97eed6b38ed1a3cc02b1672b57"
    integrity sha1-aTsxatMj6pfu1rOO0aPMArFnK1c=
  
  "@types/json-schema@*", "@types/json-schema@^7.0.8":
    version "7.0.9"
    resolved "https://npm.pri.ibanyu.com/@types%2fjson-schema/-/json-schema-7.0.9.tgz#97edc9037ea0c38585320b28964dde3b39e4660d"
    integrity sha1-l+3JA36gw4WFMgsolk3eOznkZg0=
  
  "@types/node@*":
    version "16.9.1"
    resolved "https://npm.pri.ibanyu.com/@types%2fnode/-/node-16.9.1.tgz#0611b37db4246c937feef529ddcc018cf8e35708"
    integrity sha1-BhGzfbQkbJN/7vUp3cwBjPjjVwg=
  
  "@webassemblyjs/ast@1.11.1":
    version "1.11.1"
    resolved "https://npm.pri.ibanyu.com/@webassemblyjs%2fast/-/ast-1.11.1.tgz#2bfd767eae1a6996f432ff7e8d7fc75679c0b6a7"
    integrity sha1-K/12fq4aaZb0Mv9+jX/HVnnAtqc=
    dependencies:
      "@webassemblyjs/helper-numbers" "1.11.1"
      "@webassemblyjs/helper-wasm-bytecode" "1.11.1"
  
  "@webassemblyjs/floating-point-hex-parser@1.11.1":
    version "1.11.1"
    resolved "https://npm.pri.ibanyu.com/@webassemblyjs%2ffloating-point-hex-parser/-/floating-point-hex-parser-1.11.1.tgz#f6c61a705f0fd7a6aecaa4e8198f23d9dc179e4f"
    integrity sha1-9sYacF8P16auyqToGY8j2dwXnk8=
  
  "@webassemblyjs/helper-api-error@1.11.1":
    version "1.11.1"
    resolved "https://npm.pri.ibanyu.com/@webassemblyjs%2fhelper-api-error/-/helper-api-error-1.11.1.tgz#1a63192d8788e5c012800ba6a7a46c705288fd16"
    integrity sha1-GmMZLYeI5cASgAump6RscFKI/RY=
  
  "@webassemblyjs/helper-buffer@1.11.1":
    version "1.11.1"
    resolved "https://npm.pri.ibanyu.com/@webassemblyjs%2fhelper-buffer/-/helper-buffer-1.11.1.tgz#832a900eb444884cde9a7cad467f81500f5e5ab5"
    integrity sha1-gyqQDrREiEzemnytRn+BUA9eWrU=
  
  "@webassemblyjs/helper-numbers@1.11.1":
    version "1.11.1"
    resolved "https://npm.pri.ibanyu.com/@webassemblyjs%2fhelper-numbers/-/helper-numbers-1.11.1.tgz#64d81da219fbbba1e3bd1bfc74f6e8c4e10a62ae"
    integrity sha1-ZNgdohn7u6HjvRv8dPboxOEKYq4=
    dependencies:
      "@webassemblyjs/floating-point-hex-parser" "1.11.1"
      "@webassemblyjs/helper-api-error" "1.11.1"
      "@xtuc/long" "4.2.2"
  
  "@webassemblyjs/helper-wasm-bytecode@1.11.1":
    version "1.11.1"
    resolved "https://npm.pri.ibanyu.com/@webassemblyjs%2fhelper-wasm-bytecode/-/helper-wasm-bytecode-1.11.1.tgz#f328241e41e7b199d0b20c18e88429c4433295e1"
    integrity sha1-8ygkHkHnsZnQsgwY6IQpxEMyleE=
  
  "@webassemblyjs/helper-wasm-section@1.11.1":
    version "1.11.1"
    resolved "https://npm.pri.ibanyu.com/@webassemblyjs%2fhelper-wasm-section/-/helper-wasm-section-1.11.1.tgz#21ee065a7b635f319e738f0dd73bfbda281c097a"
    integrity sha1-Ie4GWntjXzGec48N1zv72igcCXo=
    dependencies:
      "@webassemblyjs/ast" "1.11.1"
      "@webassemblyjs/helper-buffer" "1.11.1"
      "@webassemblyjs/helper-wasm-bytecode" "1.11.1"
      "@webassemblyjs/wasm-gen" "1.11.1"
  
  "@webassemblyjs/ieee754@1.11.1":
    version "1.11.1"
    resolved "https://npm.pri.ibanyu.com/@webassemblyjs%2fieee754/-/ieee754-1.11.1.tgz#963929e9bbd05709e7e12243a099180812992614"
    integrity sha1-ljkp6bvQVwnn4SJDoJkYCBKZJhQ=
    dependencies:
      "@xtuc/ieee754" "^1.2.0"
  
  "@webassemblyjs/leb128@1.11.1":
    version "1.11.1"
    resolved "https://npm.pri.ibanyu.com/@webassemblyjs%2fleb128/-/leb128-1.11.1.tgz#ce814b45574e93d76bae1fb2644ab9cdd9527aa5"
    integrity sha1-zoFLRVdOk9drrh+yZEq5zdlSeqU=
    dependencies:
      "@xtuc/long" "4.2.2"
  
  "@webassemblyjs/utf8@1.11.1":
    version "1.11.1"
    resolved "https://npm.pri.ibanyu.com/@webassemblyjs%2futf8/-/utf8-1.11.1.tgz#d1f8b764369e7c6e6bae350e854dec9a59f0a3ff"
    integrity sha1-0fi3ZDaefG5rrjUOhU3smlnwo/8=
  
  "@webassemblyjs/wasm-edit@1.11.1":
    version "1.11.1"
    resolved "https://npm.pri.ibanyu.com/@webassemblyjs%2fwasm-edit/-/wasm-edit-1.11.1.tgz#ad206ebf4bf95a058ce9880a8c092c5dec8193d6"
    integrity sha1-rSBuv0v5WgWM6YgKjAksXeyBk9Y=
    dependencies:
      "@webassemblyjs/ast" "1.11.1"
      "@webassemblyjs/helper-buffer" "1.11.1"
      "@webassemblyjs/helper-wasm-bytecode" "1.11.1"
      "@webassemblyjs/helper-wasm-section" "1.11.1"
      "@webassemblyjs/wasm-gen" "1.11.1"
      "@webassemblyjs/wasm-opt" "1.11.1"
      "@webassemblyjs/wasm-parser" "1.11.1"
      "@webassemblyjs/wast-printer" "1.11.1"
  
  "@webassemblyjs/wasm-gen@1.11.1":
    version "1.11.1"
    resolved "https://npm.pri.ibanyu.com/@webassemblyjs%2fwasm-gen/-/wasm-gen-1.11.1.tgz#86c5ea304849759b7d88c47a32f4f039ae3c8f76"
    integrity sha1-hsXqMEhJdZt9iMR6MvTwOa48j3Y=
    dependencies:
      "@webassemblyjs/ast" "1.11.1"
      "@webassemblyjs/helper-wasm-bytecode" "1.11.1"
      "@webassemblyjs/ieee754" "1.11.1"
      "@webassemblyjs/leb128" "1.11.1"
      "@webassemblyjs/utf8" "1.11.1"
  
  "@webassemblyjs/wasm-opt@1.11.1":
    version "1.11.1"
    resolved "https://npm.pri.ibanyu.com/@webassemblyjs%2fwasm-opt/-/wasm-opt-1.11.1.tgz#657b4c2202f4cf3b345f8a4c6461c8c2418985f2"
    integrity sha1-ZXtMIgL0zzs0X4pMZGHIwkGJhfI=
    dependencies:
      "@webassemblyjs/ast" "1.11.1"
      "@webassemblyjs/helper-buffer" "1.11.1"
      "@webassemblyjs/wasm-gen" "1.11.1"
      "@webassemblyjs/wasm-parser" "1.11.1"
  
  "@webassemblyjs/wasm-parser@1.11.1":
    version "1.11.1"
    resolved "https://npm.pri.ibanyu.com/@webassemblyjs%2fwasm-parser/-/wasm-parser-1.11.1.tgz#86ca734534f417e9bd3c67c7a1c75d8be41fb199"
    integrity sha1-hspzRTT0F+m9PGfHocddi+QfsZk=
    dependencies:
      "@webassemblyjs/ast" "1.11.1"
      "@webassemblyjs/helper-api-error" "1.11.1"
      "@webassemblyjs/helper-wasm-bytecode" "1.11.1"
      "@webassemblyjs/ieee754" "1.11.1"
      "@webassemblyjs/leb128" "1.11.1"
      "@webassemblyjs/utf8" "1.11.1"
  
  "@webassemblyjs/wast-printer@1.11.1":
    version "1.11.1"
    resolved "https://npm.pri.ibanyu.com/@webassemblyjs%2fwast-printer/-/wast-printer-1.11.1.tgz#d0c73beda8eec5426f10ae8ef55cee5e7084c2f0"
    integrity sha1-0Mc77ajuxUJvEK6O9VzuXnCEwvA=
    dependencies:
      "@webassemblyjs/ast" "1.11.1"
      "@xtuc/long" "4.2.2"
  
  "@webpack-cli/configtest@^1.0.4":
    version "1.0.4"
    resolved "https://npm.pri.ibanyu.com/@webpack-cli%2fconfigtest/-/configtest-1.0.4.tgz#f03ce6311c0883a83d04569e2c03c6238316d2aa"
    integrity sha1-8DzmMRwIg6g9BFaeLAPGI4MW0qo=
  
  "@webpack-cli/info@^1.3.0":
    version "1.3.0"
    resolved "https://npm.pri.ibanyu.com/@webpack-cli%2finfo/-/info-1.3.0.tgz#9d78a31101a960997a4acd41ffd9b9300627fe2b"
    integrity sha1-nXijEQGpYJl6Ss1B/9m5MAYn/is=
    dependencies:
      envinfo "^7.7.3"
  
  "@webpack-cli/serve@^1.5.2":
    version "1.5.2"
    resolved "https://npm.pri.ibanyu.com/@webpack-cli%2fserve/-/serve-1.5.2.tgz#ea584b637ff63c5a477f6f21604b5a205b72c9ec"
    integrity sha1-6lhLY3/2PFpHf28hYEtaIFtyyew=
  
  "@xtuc/ieee754@^1.2.0":
    version "1.2.0"
    resolved "https://npm.pri.ibanyu.com/@xtuc%2fieee754/-/ieee754-1.2.0.tgz#eef014a3145ae477a1cbc00cd1e552336dceb790"
    integrity sha1-7vAUoxRa5Hehy8AM0eVSM23Ot5A=
  
  "@xtuc/long@4.2.2":
    version "4.2.2"
    resolved "https://npm.pri.ibanyu.com/@xtuc%2flong/-/long-4.2.2.tgz#d291c6a4e97989b5c61d9acf396ae4fe133a718d"
    integrity sha1-0pHGpOl5ibXGHZrPOWrk/hM6cY0=
  
  acorn-import-assertions@^1.7.6:
    version "1.7.6"
    resolved "https://npm.pri.ibanyu.com/acorn-import-assertions/-/acorn-import-assertions-1.7.6.tgz#580e3ffcae6770eebeec76c3b9723201e9d01f78"
    integrity sha1-WA4//K5ncO6+7HbDuXIyAenQH3g=
  
  acorn@^8.4.1:
    version "8.5.0"
    resolved "https://npm.pri.ibanyu.com/acorn/-/acorn-8.5.0.tgz#4512ccb99b3698c752591e9bb4472e38ad43cee2"
    integrity sha1-RRLMuZs2mMdSWR6btEcuOK1DzuI=
  
  ajv-keywords@^3.5.2:
    version "3.5.2"
    resolved "https://npm.pri.ibanyu.com/ajv-keywords/-/ajv-keywords-3.5.2.tgz#31f29da5ab6e00d1c2d329acf7b5929614d5014d"
    integrity sha1-MfKdpatuANHC0yms97WSlhTVAU0=
  
  ajv@^6.12.5:
    version "6.12.6"
    resolved "https://npm.pri.ibanyu.com/ajv/-/ajv-6.12.6.tgz#baf5a62e802b07d977034586f8c3baf5adf26df4"
    integrity sha1-uvWmLoArB9l3A0WG+MO69a3ybfQ=
    dependencies:
      fast-deep-equal "^3.1.1"
      fast-json-stable-stringify "^2.0.0"
      json-schema-traverse "^0.4.1"
      uri-js "^4.2.2"
  
  ansi-regex@^2.0.0:
    version "2.1.1"
    resolved "https://npm.pri.ibanyu.com/ansi-regex/-/ansi-regex-2.1.1.tgz#c3b33ab5ee360d86e0e628f0468ae7ef27d654df"
    integrity sha1-w7M6te42DYbg5ijwRorn7yfWVN8=
  
  boolbase@^1.0.0:
    version "1.0.0"
    resolved "https://npm.pri.ibanyu.com/boolbase/-/boolbase-1.0.0.tgz#68dff5fbe60c51eb37725ea9e3ed310dcc1e776e"
    integrity sha1-aN/1++YMUes3cl6p4+0xDcwed24=
  
  browserslist@^4.14.5:
    version "4.17.0"
    resolved "https://npm.pri.ibanyu.com/browserslist/-/browserslist-4.17.0.tgz#1fcd81ec75b41d6d4994fb0831b92ac18c01649c"
    integrity sha1-H82B7HW0HW1JlPsIMbkqwYwBZJw=
    dependencies:
      caniuse-lite "^1.0.30001254"
      colorette "^1.3.0"
      electron-to-chromium "^1.3.830"
      escalade "^3.1.1"
      node-releases "^1.1.75"
  
  buffer-from@^1.0.0:
    version "1.1.2"
    resolved "https://npm.pri.ibanyu.com/buffer-from/-/buffer-from-1.1.2.tgz#2b146a6fd72e80b4f55d255f35ed59a3a9a41bd5"
    integrity sha1-KxRqb9cugLT1XSVfNe1Zo6mkG9U=
  
  camel-case@^4.1.1:
    version "4.1.2"
    resolved "https://npm.pri.ibanyu.com/camel-case/-/camel-case-4.1.2.tgz#9728072a954f805228225a6deea6b38461e1bd5a"
    integrity sha1-lygHKpVPgFIoIlpt7qazhGHhvVo=
    dependencies:
      pascal-case "^3.1.2"
      tslib "^2.0.3"
  
  caniuse-lite@^1.0.30001254:
    version "1.0.30001257"
    resolved "https://npm.pri.ibanyu.com/caniuse-lite/-/caniuse-lite-1.0.30001257.tgz#150aaf649a48bee531104cfeda57f92ce587f6e5"
    integrity sha1-FQqvZJpIvuUxEEz+2lf5LOWH9uU=
  
  chrome-trace-event@^1.0.2:
    version "1.0.3"
    resolved "https://npm.pri.ibanyu.com/chrome-trace-event/-/chrome-trace-event-1.0.3.tgz#1015eced4741e15d06664a957dbbf50d041e26ac"
    integrity sha1-EBXs7UdB4V0GZkqVfbv1DQQeJqw=
  
  clean-css@^4.2.3:
    version "4.2.3"
    resolved "https://npm.pri.ibanyu.com/clean-css/-/clean-css-4.2.3.tgz#507b5de7d97b48ee53d84adb0160ff6216380f78"
    integrity sha1-UHtd59l7SO5T2ErbAWD/YhY4D3g=
    dependencies:
      source-map "~0.6.0"
  
  clone-deep@^4.0.1:
    version "4.0.1"
    resolved "https://npm.pri.ibanyu.com/clone-deep/-/clone-deep-4.0.1.tgz#c19fd9bdbbf85942b4fd979c84dcf7d5f07c2387"
    integrity sha1-wZ/Zvbv4WUK0/ZechNz31fB8I4c=
    dependencies:
      is-plain-object "^2.0.4"
      kind-of "^6.0.2"
      shallow-clone "^3.0.0"
  
  colorette@^1.2.1, colorette@^1.3.0:
    version "1.4.0"
    resolved "https://npm.pri.ibanyu.com/colorette/-/colorette-1.4.0.tgz#5190fbb87276259a86ad700bff2c6d6faa3fca40"
    integrity sha1-UZD7uHJ2JZqGrXAL/yxtb6o/ykA=
  
  commander@^2.20.0:
    version "2.20.3"
    resolved "https://npm.pri.ibanyu.com/commander/-/commander-2.20.3.tgz#fd485e84c03eb4881c20722ba48035e8531aeb33"
    integrity sha1-/UhehMA+tIgcIHIrpIA16FMa6zM=
  
  commander@^4.1.1:
    version "4.1.1"
    resolved "https://npm.pri.ibanyu.com/commander/-/commander-4.1.1.tgz#9fd602bd936294e9e9ef46a3f4d6964044b18068"
    integrity sha1-n9YCvZNilOnp70aj9NaWQESxgGg=
  
  commander@^7.0.0:
    version "7.2.0"
    resolved "https://npm.pri.ibanyu.com/commander/-/commander-7.2.0.tgz#a36cb57d0b501ce108e4d20559a150a391d97ab7"
    integrity sha1-o2y1fQtQHOEI5NIFWaFQo5HZerc=
  
  cross-spawn@^7.0.3:
    version "7.0.3"
    resolved "https://npm.pri.ibanyu.com/cross-spawn/-/cross-spawn-7.0.3.tgz#f73a85b9d5d41d045551c177e2882d4ac85728a6"
    integrity sha1-9zqFudXUHQRVUcF34ogtSshXKKY=
    dependencies:
      path-key "^3.1.0"
      shebang-command "^2.0.0"
      which "^2.0.1"
  
  css-select@^4.1.3:
    version "4.1.3"
    resolved "https://npm.pri.ibanyu.com/css-select/-/css-select-4.1.3.tgz#a70440f70317f2669118ad74ff105e65849c7067"
    integrity sha1-pwRA9wMX8maRGK10/xBeZYSccGc=
    dependencies:
      boolbase "^1.0.0"
      css-what "^5.0.0"
      domhandler "^4.2.0"
      domutils "^2.6.0"
      nth-check "^2.0.0"
  
  css-what@^5.0.0:
    version "5.0.1"
    resolved "https://npm.pri.ibanyu.com/css-what/-/css-what-5.0.1.tgz#3efa820131f4669a8ac2408f9c32e7c7de9f4cad"
    integrity sha1-PvqCATH0ZpqKwkCPnDLnx96fTK0=
  
  dom-converter@^0.2.0:
    version "0.2.0"
    resolved "https://npm.pri.ibanyu.com/dom-converter/-/dom-converter-0.2.0.tgz#6721a9daee2e293682955b6afe416771627bb768"
    integrity sha1-ZyGp2u4uKTaClVtq/kFncWJ7t2g=
    dependencies:
      utila "~0.4"
  
  dom-serializer@^1.0.1:
    version "1.3.2"
    resolved "https://npm.pri.ibanyu.com/dom-serializer/-/dom-serializer-1.3.2.tgz#6206437d32ceefaec7161803230c7a20bc1b4d91"
    integrity sha1-YgZDfTLO767HFhgDIwx6ILwbTZE=
    dependencies:
      domelementtype "^2.0.1"
      domhandler "^4.2.0"
      entities "^2.0.0"
  
  domelementtype@^2.0.1, domelementtype@^2.2.0:
    version "2.2.0"
    resolved "https://npm.pri.ibanyu.com/domelementtype/-/domelementtype-2.2.0.tgz#9a0b6c2782ed6a1c7323d42267183df9bd8b1d57"
    integrity sha1-mgtsJ4LtahxzI9QiZxg9+b2LHVc=
  
  domhandler@^4.0.0, domhandler@^4.2.0:
    version "4.2.2"
    resolved "https://npm.pri.ibanyu.com/domhandler/-/domhandler-4.2.2.tgz#e825d721d19a86b8c201a35264e226c678ee755f"
    integrity sha1-6CXXIdGahrjCAaNSZOImxnjudV8=
    dependencies:
      domelementtype "^2.2.0"
  
  domutils@^2.5.2, domutils@^2.6.0:
    version "2.8.0"
    resolved "https://npm.pri.ibanyu.com/domutils/-/domutils-2.8.0.tgz#4437def5db6e2d1f5d6ee859bd95ca7d02048135"
    integrity sha1-RDfe9dtuLR9dbuhZvZXKfQIEgTU=
    dependencies:
      dom-serializer "^1.0.1"
      domelementtype "^2.2.0"
      domhandler "^4.2.0"
  
  dot-case@^3.0.4:
    version "3.0.4"
    resolved "https://npm.pri.ibanyu.com/dot-case/-/dot-case-3.0.4.tgz#9b2b670d00a431667a8a75ba29cd1b98809ce751"
    integrity sha1-mytnDQCkMWZ6inW6Kc0bmICc51E=
    dependencies:
      no-case "^3.0.4"
      tslib "^2.0.3"
  
  electron-to-chromium@^1.3.830:
    version "1.3.838"
    resolved "https://npm.pri.ibanyu.com/electron-to-chromium/-/electron-to-chromium-1.3.838.tgz#d178b34a268c750c0444ba69e4c94d4c4fb3aa0d"
    integrity sha1-0XizSiaMdQwERLpp5MlNTE+zqg0=
  
  enhanced-resolve@^5.8.0:
    version "5.8.2"
    resolved "https://npm.pri.ibanyu.com/enhanced-resolve/-/enhanced-resolve-5.8.2.tgz#15ddc779345cbb73e97c611cd00c01c1e7bf4d8b"
    integrity sha1-Fd3HeTRcu3PpfGEc0AwBwee/TYs=
    dependencies:
      graceful-fs "^4.2.4"
      tapable "^2.2.0"
  
  entities@^2.0.0:
    version "2.2.0"
    resolved "https://npm.pri.ibanyu.com/entities/-/entities-2.2.0.tgz#098dc90ebb83d8dffa089d55256b351d34c4da55"
    integrity sha1-CY3JDruD2N/6CJ1VJWs1HTTE2lU=
  
  envinfo@^7.7.3:
    version "7.8.1"
    resolved "https://npm.pri.ibanyu.com/envinfo/-/envinfo-7.8.1.tgz#06377e3e5f4d379fea7ac592d5ad8927e0c4d475"
    integrity sha1-Bjd+Pl9NN5/qesWS1a2JJ+DE1HU=
  
  es-module-lexer@^0.7.1:
    version "0.7.1"
    resolved "https://npm.pri.ibanyu.com/es-module-lexer/-/es-module-lexer-0.7.1.tgz#c2c8e0f46f2df06274cdaf0dd3f3b33e0a0b267d"
    integrity sha1-wsjg9G8t8GJ0za8N0/OzPgoLJn0=
  
  escalade@^3.1.1:
    version "3.1.1"
    resolved "https://npm.pri.ibanyu.com/escalade/-/escalade-3.1.1.tgz#d8cfdc7000965c5a0174b4a82eaa5c0552742e40"
    integrity sha1-2M/ccACWXFoBdLSoLqpcBVJ0LkA=
  
  eslint-scope@5.1.1:
    version "5.1.1"
    resolved "https://npm.pri.ibanyu.com/eslint-scope/-/eslint-scope-5.1.1.tgz#e786e59a66cb92b3f6c1fb0d508aab174848f48c"
    integrity sha1-54blmmbLkrP2wfsNUIqrF0hI9Iw=
    dependencies:
      esrecurse "^4.3.0"
      estraverse "^4.1.1"
  
  esrecurse@^4.3.0:
    version "4.3.0"
    resolved "https://npm.pri.ibanyu.com/esrecurse/-/esrecurse-4.3.0.tgz#7ad7964d679abb28bee72cec63758b1c5d2c9921"
    integrity sha1-eteWTWeauyi+5yzsY3WLHF0smSE=
    dependencies:
      estraverse "^5.2.0"
  
  estraverse@^4.1.1:
    version "4.3.0"
    resolved "https://npm.pri.ibanyu.com/estraverse/-/estraverse-4.3.0.tgz#398ad3f3c5a24948be7725e83d11a7de28cdbd1d"
    integrity sha1-OYrT88WiSUi+dyXoPRGn3ijNvR0=
  
  estraverse@^5.2.0:
    version "5.2.0"
    resolved "https://npm.pri.ibanyu.com/estraverse/-/estraverse-5.2.0.tgz#307df42547e6cc7324d3cf03c155d5cdb8c53880"
    integrity sha1-MH30JUfmzHMk088DwVXVzbjFOIA=
  
  events@^3.2.0:
    version "3.3.0"
    resolved "https://npm.pri.ibanyu.com/events/-/events-3.3.0.tgz#31a95ad0a924e2d2c419a813aeb2c4e878ea7400"
    integrity sha1-Mala0Kkk4tLEGagTrrLE6HjqdAA=
  
  execa@^5.0.0:
    version "5.1.1"
    resolved "https://npm.pri.ibanyu.com/execa/-/execa-5.1.1.tgz#f80ad9cbf4298f7bd1d4c9555c21e93741c411dd"
    integrity sha1-+ArZy/Qpj3vR1MlVXCHpN0HEEd0=
    dependencies:
      cross-spawn "^7.0.3"
      get-stream "^6.0.0"
      human-signals "^2.1.0"
      is-stream "^2.0.0"
      merge-stream "^2.0.0"
      npm-run-path "^4.0.1"
      onetime "^5.1.2"
      signal-exit "^3.0.3"
      strip-final-newline "^2.0.0"
  
  fast-deep-equal@^3.1.1:
    version "3.1.3"
    resolved "https://npm.pri.ibanyu.com/fast-deep-equal/-/fast-deep-equal-3.1.3.tgz#3a7d56b559d6cbc3eb512325244e619a65c6c525"
    integrity sha1-On1WtVnWy8PrUSMlJE5hmmXGxSU=
  
  fast-json-stable-stringify@^2.0.0:
    version "2.1.0"
    resolved "https://npm.pri.ibanyu.com/fast-json-stable-stringify/-/fast-json-stable-stringify-2.1.0.tgz#874bf69c6f404c2b5d99c481341399fd55892633"
    integrity sha1-h0v2nG9ATCtdmcSBNBOZ/VWJJjM=
  
  fastest-levenshtein@^1.0.12:
    version "1.0.12"
    resolved "https://npm.pri.ibanyu.com/fastest-levenshtein/-/fastest-levenshtein-1.0.12.tgz#9990f7d3a88cc5a9ffd1f1745745251700d497e2"
    integrity sha1-mZD306iMxan/0fF0V0UlFwDUl+I=
  
  find-up@^4.0.0:
    version "4.1.0"
    resolved "https://npm.pri.ibanyu.com/find-up/-/find-up-4.1.0.tgz#97afe7d6cdc0bc5928584b7c8d7b16e8a9aa5d19"
    integrity sha1-l6/n1s3AvFkoWEt8jXsW6KmqXRk=
    dependencies:
      locate-path "^5.0.0"
      path-exists "^4.0.0"
  
  function-bind@^1.1.1:
    version "1.1.1"
    resolved "https://npm.pri.ibanyu.com/function-bind/-/function-bind-1.1.1.tgz#a56899d3ea3c9bab874bb9773b7c5ede92f4895d"
    integrity sha1-pWiZ0+o8m6uHS7l3O3xe3pL0iV0=
  
  get-stream@^6.0.0:
    version "6.0.1"
    resolved "https://npm.pri.ibanyu.com/get-stream/-/get-stream-6.0.1.tgz#a262d8eef67aced57c2852ad6167526a43cbf7b7"
    integrity sha1-omLY7vZ6ztV8KFKtYWdSakPL97c=
  
  glob-to-regexp@^0.4.1:
    version "0.4.1"
    resolved "https://npm.pri.ibanyu.com/glob-to-regexp/-/glob-to-regexp-0.4.1.tgz#c75297087c851b9a578bd217dd59a92f59fe546e"
    integrity sha1-x1KXCHyFG5pXi9IX3VmpL1n+VG4=
  
  graceful-fs@^4.1.2, graceful-fs@^4.2.4:
    version "4.2.8"
    resolved "https://npm.pri.ibanyu.com/graceful-fs/-/graceful-fs-4.2.8.tgz#e412b8d33f5e006593cbd3cee6df9f2cebbe802a"
    integrity sha1-5BK40z9eAGWTy9PO5t+fLOu+gCo=
  
  has-flag@^4.0.0:
    version "4.0.0"
    resolved "https://npm.pri.ibanyu.com/has-flag/-/has-flag-4.0.0.tgz#944771fd9c81c81265c4d6941860da06bb59479b"
    integrity sha1-lEdx/ZyByBJlxNaUGGDaBrtZR5s=
  
  has@^1.0.3:
    version "1.0.3"
    resolved "https://npm.pri.ibanyu.com/has/-/has-1.0.3.tgz#722d7cbfc1f6aa8241f16dd814e011e1f41e8796"
    integrity sha1-ci18v8H2qoJB8W3YFOAR4fQeh5Y=
    dependencies:
      function-bind "^1.1.1"
  
  he@^1.2.0:
    version "1.2.0"
    resolved "https://npm.pri.ibanyu.com/he/-/he-1.2.0.tgz#84ae65fa7eafb165fddb61566ae14baf05664f0f"
    integrity sha1-hK5l+n6vsWX922FWauFLrwVmTw8=
  
  html-minifier-terser@^5.0.1:
    version "5.1.1"
    resolved "https://npm.pri.ibanyu.com/html-minifier-terser/-/html-minifier-terser-5.1.1.tgz#922e96f1f3bb60832c2634b79884096389b1f054"
    integrity sha1-ki6W8fO7YIMsJjS3mIQJY4mx8FQ=
    dependencies:
      camel-case "^4.1.1"
      clean-css "^4.2.3"
      commander "^4.1.1"
      he "^1.2.0"
      param-case "^3.0.3"
      relateurl "^0.2.7"
      terser "^4.6.3"
  
  html-webpack-plugin@^5.3.2:
    version "5.3.2"
    resolved "https://npm.pri.ibanyu.com/html-webpack-plugin/-/html-webpack-plugin-5.3.2.tgz#7b04bf80b1f6fe84a6d3f66c8b79d64739321b08"
    integrity sha1-ewS/gLH2/oSm0/Zsi3nWRzkyGwg=
    dependencies:
      "@types/html-minifier-terser" "^5.0.0"
      html-minifier-terser "^5.0.1"
      lodash "^4.17.21"
      pretty-error "^3.0.4"
      tapable "^2.0.0"
  
  htmlparser2@^6.1.0:
    version "6.1.0"
    resolved "https://npm.pri.ibanyu.com/htmlparser2/-/htmlparser2-6.1.0.tgz#c4d762b6c3371a05dbe65e94ae43a9f845fb8fb7"
    integrity sha1-xNditsM3GgXb5l6UrkOp+EX7j7c=
    dependencies:
      domelementtype "^2.0.1"
      domhandler "^4.0.0"
      domutils "^2.5.2"
      entities "^2.0.0"
  
  human-signals@^2.1.0:
    version "2.1.0"
    resolved "https://npm.pri.ibanyu.com/human-signals/-/human-signals-2.1.0.tgz#dc91fcba42e4d06e4abaed33b3e7a3c02f514ea0"
    integrity sha1-3JH8ukLk0G5Kuu0zs+ejwC9RTqA=
  
  import-local@^3.0.2:
    version "3.0.2"
    resolved "https://npm.pri.ibanyu.com/import-local/-/import-local-3.0.2.tgz#a8cfd0431d1de4a2199703d003e3e62364fa6db6"
    integrity sha1-qM/QQx0d5KIZlwPQA+PmI2T6bbY=
    dependencies:
      pkg-dir "^4.2.0"
      resolve-cwd "^3.0.0"
  
  interpret@^2.2.0:
    version "2.2.0"
    resolved "https://npm.pri.ibanyu.com/interpret/-/interpret-2.2.0.tgz#1a78a0b5965c40a5416d007ad6f50ad27c417df9"
    integrity sha1-GnigtZZcQKVBbQB61vUK0nxBffk=
  
  is-core-module@^2.2.0:
    version "2.6.0"
    resolved "https://npm.pri.ibanyu.com/is-core-module/-/is-core-module-2.6.0.tgz#d7553b2526fe59b92ba3e40c8df757ec8a709e19"
    integrity sha1-11U7JSb+Wbkro+QMjfdX7Ipwnhk=
    dependencies:
      has "^1.0.3"
  
  is-plain-object@^2.0.4:
    version "2.0.4"
    resolved "https://npm.pri.ibanyu.com/is-plain-object/-/is-plain-object-2.0.4.tgz#2c163b3fafb1b606d9d17928f05c2a1c38e07677"
    integrity sha1-LBY7P6+xtgbZ0Xko8FwqHDjgdnc=
    dependencies:
      isobject "^3.0.1"
  
  is-stream@^2.0.0:
    version "2.0.1"
    resolved "https://npm.pri.ibanyu.com/is-stream/-/is-stream-2.0.1.tgz#fac1e3d53b97ad5a9d0ae9cef2389f5810a5c077"
    integrity sha1-+sHj1TuXrVqdCunO8jifWBClwHc=
  
  isexe@^2.0.0:
    version "2.0.0"
    resolved "https://npm.pri.ibanyu.com/isexe/-/isexe-2.0.0.tgz#e8fbf374dc556ff8947a10dcb0572d633f2cfa10"
    integrity sha1-6PvzdNxVb/iUehDcsFctYz8s+hA=
  
  isobject@^3.0.1:
    version "3.0.1"
    resolved "https://npm.pri.ibanyu.com/isobject/-/isobject-3.0.1.tgz#4e431e92b11a9731636aa1f9c8d1ccbcfdab78df"
    integrity sha1-TkMekrEalzFjaqH5yNHMvP2reN8=
  
  jest-worker@^27.0.6:
    version "27.2.0"
    resolved "https://npm.pri.ibanyu.com/jest-worker/-/jest-worker-27.2.0.tgz#11eef39f1c88f41384ca235c2f48fe50bc229bc0"
    integrity sha1-Ee7znxyI9BOEyiNcL0j+ULwim8A=
    dependencies:
      "@types/node" "*"
      merge-stream "^2.0.0"
      supports-color "^8.0.0"
  
  json-parse-better-errors@^1.0.2:
    version "1.0.2"
    resolved "https://npm.pri.ibanyu.com/json-parse-better-errors/-/json-parse-better-errors-1.0.2.tgz#bb867cfb3450e69107c131d1c514bab3dc8bcaa9"
    integrity sha1-u4Z8+zRQ5pEHwTHRxRS6s9yLyqk=
  
  json-schema-traverse@^0.4.1:
    version "0.4.1"
    resolved "https://npm.pri.ibanyu.com/json-schema-traverse/-/json-schema-traverse-0.4.1.tgz#69f6a87d9513ab8bb8fe63bdb0979c448e684660"
    integrity sha1-afaofZUTq4u4/mO9sJecRI5oRmA=
  
  kind-of@^6.0.2:
    version "6.0.3"
    resolved "https://npm.pri.ibanyu.com/kind-of/-/kind-of-6.0.3.tgz#07c05034a6c349fa06e24fa35aa76db4580ce4dd"
    integrity sha1-B8BQNKbDSfoG4k+jWqdttFgM5N0=
  
  loader-runner@^4.2.0:
    version "4.2.0"
    resolved "https://npm.pri.ibanyu.com/loader-runner/-/loader-runner-4.2.0.tgz#d7022380d66d14c5fb1d496b89864ebcfd478384"
    integrity sha1-1wIjgNZtFMX7HUlriYZOvP1Hg4Q=
  
  locate-path@^5.0.0:
    version "5.0.0"
    resolved "https://npm.pri.ibanyu.com/locate-path/-/locate-path-5.0.0.tgz#1afba396afd676a6d42504d0a67a3a7eb9f62aa0"
    integrity sha1-Gvujlq/WdqbUJQTQpno6frn2KqA=
    dependencies:
      p-locate "^4.1.0"
  
  lodash@^4.17.20, lodash@^4.17.21:
    version "4.17.21"
    resolved "https://npm.pri.ibanyu.com/lodash/-/lodash-4.17.21.tgz#679591c564c3bffaae8454cf0b3df370c3d6911c"
    integrity sha1-Z5WRxWTDv/quhFTPCz3zcMPWkRw=
  
  lower-case@^2.0.2:
    version "2.0.2"
    resolved "https://npm.pri.ibanyu.com/lower-case/-/lower-case-2.0.2.tgz#6fa237c63dbdc4a82ca0fd882e4722dc5e634e28"
    integrity sha1-b6I3xj29xKgsoP2ILkci3F5jTig=
    dependencies:
      tslib "^2.0.3"
  
  merge-stream@^2.0.0:
    version "2.0.0"
    resolved "https://npm.pri.ibanyu.com/merge-stream/-/merge-stream-2.0.0.tgz#52823629a14dd00c9770fb6ad47dc6310f2c1f60"
    integrity sha1-UoI2KaFN0AyXcPtq1H3GMQ8sH2A=
  
  mime-db@1.49.0:
    version "1.49.0"
    resolved "https://npm.pri.ibanyu.com/mime-db/-/mime-db-1.49.0.tgz#f3dfde60c99e9cf3bc9701d687778f537001cbed"
    integrity sha1-89/eYMmenPO8lwHWh3ePU3ABy+0=
  
  mime-types@^2.1.27:
    version "2.1.32"
    resolved "https://npm.pri.ibanyu.com/mime-types/-/mime-types-2.1.32.tgz#1d00e89e7de7fe02008db61001d9e02852670fd5"
    integrity sha1-HQDonn3n/gIAjbYQAdngKFJnD9U=
    dependencies:
      mime-db "1.49.0"
  
  mimic-fn@^2.1.0:
    version "2.1.0"
    resolved "https://npm.pri.ibanyu.com/mimic-fn/-/mimic-fn-2.1.0.tgz#7ed2c2ccccaf84d3ffcb7a69b57711fc2083401b"
    integrity sha1-ftLCzMyvhNP/y3pptXcR/CCDQBs=
  
  neo-async@^2.6.2:
    version "2.6.2"
    resolved "https://npm.pri.ibanyu.com/neo-async/-/neo-async-2.6.2.tgz#b4aafb93e3aeb2d8174ca53cf163ab7d7308305f"
    integrity sha1-tKr7k+OustgXTKU88WOrfXMIMF8=
  
  no-case@^3.0.4:
    version "3.0.4"
    resolved "https://npm.pri.ibanyu.com/no-case/-/no-case-3.0.4.tgz#d361fd5c9800f558551a8369fc0dcd4662b6124d"
    integrity sha1-02H9XJgA9VhVGoNp/A3NRmK2Ek0=
    dependencies:
      lower-case "^2.0.2"
      tslib "^2.0.3"
  
  node-releases@^1.1.75:
    version "1.1.75"
    resolved "https://npm.pri.ibanyu.com/node-releases/-/node-releases-1.1.75.tgz#6dd8c876b9897a1b8e5a02de26afa79bb54ebbfe"
    integrity sha1-bdjIdrmJehuOWgLeJq+nm7VOu/4=
  
  npm-run-path@^4.0.1:
    version "4.0.1"
    resolved "https://npm.pri.ibanyu.com/npm-run-path/-/npm-run-path-4.0.1.tgz#b7ecd1e5ed53da8e37a55e1c2269e0b97ed748ea"
    integrity sha1-t+zR5e1T2o43pV4cImnguX7XSOo=
    dependencies:
      path-key "^3.0.0"
  
  nth-check@^2.0.0:
    version "2.0.0"
    resolved "https://npm.pri.ibanyu.com/nth-check/-/nth-check-2.0.0.tgz#1bb4f6dac70072fc313e8c9cd1417b5074c0a125"
    integrity sha1-G7T22scAcvwxPoyc0UF7UHTAoSU=
    dependencies:
      boolbase "^1.0.0"
  
  onetime@^5.1.2:
    version "5.1.2"
    resolved "https://npm.pri.ibanyu.com/onetime/-/onetime-5.1.2.tgz#d0e96ebb56b07476df1dd9c4806e5237985ca45e"
    integrity sha1-0Oluu1awdHbfHdnEgG5SN5hcpF4=
    dependencies:
      mimic-fn "^2.1.0"
  
  p-limit@^2.2.0:
    version "2.3.0"
    resolved "https://npm.pri.ibanyu.com/p-limit/-/p-limit-2.3.0.tgz#3dd33c647a214fdfffd835933eb086da0dc21db1"
    integrity sha1-PdM8ZHohT9//2DWTPrCG2g3CHbE=
    dependencies:
      p-try "^2.0.0"
  
  p-limit@^3.1.0:
    version "3.1.0"
    resolved "https://npm.pri.ibanyu.com/p-limit/-/p-limit-3.1.0.tgz#e1daccbe78d0d1388ca18c64fea38e3e57e3706b"
    integrity sha1-4drMvnjQ0TiMoYxk/qOOPlfjcGs=
    dependencies:
      yocto-queue "^0.1.0"
  
  p-locate@^4.1.0:
    version "4.1.0"
    resolved "https://npm.pri.ibanyu.com/p-locate/-/p-locate-4.1.0.tgz#a3428bb7088b3a60292f66919278b7c297ad4f07"
    integrity sha1-o0KLtwiLOmApL2aRkni3wpetTwc=
    dependencies:
      p-limit "^2.2.0"
  
  p-try@^2.0.0:
    version "2.2.0"
    resolved "https://npm.pri.ibanyu.com/p-try/-/p-try-2.2.0.tgz#cb2868540e313d61de58fafbe35ce9004d5540e6"
    integrity sha1-yyhoVA4xPWHeWPr741zpAE1VQOY=
  
  param-case@^3.0.3:
    version "3.0.4"
    resolved "https://npm.pri.ibanyu.com/param-case/-/param-case-3.0.4.tgz#7d17fe4aa12bde34d4a77d91acfb6219caad01c5"
    integrity sha1-fRf+SqEr3jTUp32RrPtiGcqtAcU=
    dependencies:
      dot-case "^3.0.4"
      tslib "^2.0.3"
  
  pascal-case@^3.1.2:
    version "3.1.2"
    resolved "https://npm.pri.ibanyu.com/pascal-case/-/pascal-case-3.1.2.tgz#b48e0ef2b98e205e7c1dae747d0b1508237660eb"
    integrity sha1-tI4O8rmOIF58Ha50fQsVCCN2YOs=
    dependencies:
      no-case "^3.0.4"
      tslib "^2.0.3"
  
  path-exists@^4.0.0:
    version "4.0.0"
    resolved "https://npm.pri.ibanyu.com/path-exists/-/path-exists-4.0.0.tgz#513bdbe2d3b95d7762e8c1137efa195c6c61b5b3"
    integrity sha1-UTvb4tO5XXdi6METfvoZXGxhtbM=
  
  path-key@^3.0.0, path-key@^3.1.0:
    version "3.1.1"
    resolved "https://npm.pri.ibanyu.com/path-key/-/path-key-3.1.1.tgz#581f6ade658cbba65a0d3380de7753295054f375"
    integrity sha1-WB9q3mWMu6ZaDTOA3ndTKVBU83U=
  
  path-parse@^1.0.6:
    version "1.0.7"
    resolved "https://npm.pri.ibanyu.com/path-parse/-/path-parse-1.0.7.tgz#fbc114b60ca42b30d9daf5858e4bd68bbedb6735"
    integrity sha1-+8EUtgykKzDZ2vWFjkvWi77bZzU=
  
  pkg-dir@^4.2.0:
    version "4.2.0"
    resolved "https://npm.pri.ibanyu.com/pkg-dir/-/pkg-dir-4.2.0.tgz#f099133df7ede422e81d1d8448270eeb3e4261f3"
    integrity sha1-8JkTPfft5CLoHR2ESCcO6z5CYfM=
    dependencies:
      find-up "^4.0.0"
  
  pretty-error@^3.0.4:
    version "3.0.4"
    resolved "https://npm.pri.ibanyu.com/pretty-error/-/pretty-error-3.0.4.tgz#94b1d54f76c1ed95b9c604b9de2194838e5b574e"
    integrity sha1-lLHVT3bB7ZW5xgS53iGUg45bV04=
    dependencies:
      lodash "^4.17.20"
      renderkid "^2.0.6"
  
  punycode@^2.1.0:
    version "2.1.1"
    resolved "https://npm.pri.ibanyu.com/punycode/-/punycode-2.1.1.tgz#b58b010ac40c22c5657616c8d2c2c02c7bf479ec"
    integrity sha1-tYsBCsQMIsVldhbI0sLALHv0eew=
  
  randombytes@^2.1.0:
    version "2.1.0"
    resolved "https://npm.pri.ibanyu.com/randombytes/-/randombytes-2.1.0.tgz#df6f84372f0270dc65cdf6291349ab7a473d4f2a"
    integrity sha1-32+ENy8CcNxlzfYpE0mrekc9Tyo=
    dependencies:
      safe-buffer "^5.1.0"
  
  rechoir@^0.7.0:
    version "0.7.1"
    resolved "https://npm.pri.ibanyu.com/rechoir/-/rechoir-0.7.1.tgz#9478a96a1ca135b5e88fc027f03ee92d6c645686"
    integrity sha1-lHipahyhNbXoj8An8D7pLWxkVoY=
    dependencies:
      resolve "^1.9.0"
  
  relateurl@^0.2.7:
    version "0.2.7"
    resolved "https://npm.pri.ibanyu.com/relateurl/-/relateurl-0.2.7.tgz#54dbf377e51440aca90a4cd274600d3ff2d888a9"
    integrity sha1-VNvzd+UUQKypCkzSdGANP/LYiKk=
  
  renderkid@^2.0.6:
    version "2.0.7"
    resolved "https://npm.pri.ibanyu.com/renderkid/-/renderkid-2.0.7.tgz#464f276a6bdcee606f4a15993f9b29fc74ca8609"
    integrity sha1-Rk8namvc7mBvShWZP5sp/HTKhgk=
    dependencies:
      css-select "^4.1.3"
      dom-converter "^0.2.0"
      htmlparser2 "^6.1.0"
      lodash "^4.17.21"
      strip-ansi "^3.0.1"
  
  resolve-cwd@^3.0.0:
    version "3.0.0"
    resolved "https://npm.pri.ibanyu.com/resolve-cwd/-/resolve-cwd-3.0.0.tgz#0f0075f1bb2544766cf73ba6a6e2adfebcb13f2d"
    integrity sha1-DwB18bslRHZs9zumpuKt/ryxPy0=
    dependencies:
      resolve-from "^5.0.0"
  
  resolve-from@^5.0.0:
    version "5.0.0"
    resolved "https://npm.pri.ibanyu.com/resolve-from/-/resolve-from-5.0.0.tgz#c35225843df8f776df21c57557bc087e9dfdfc69"
    integrity sha1-w1IlhD3493bfIcV1V7wIfp39/Gk=
  
  resolve@^1.9.0:
    version "1.20.0"
    resolved "https://npm.pri.ibanyu.com/resolve/-/resolve-1.20.0.tgz#629a013fb3f70755d6f0b7935cc1c2c5378b1975"
    integrity sha1-YpoBP7P3B1XW8LeTXMHCxTeLGXU=
    dependencies:
      is-core-module "^2.2.0"
      path-parse "^1.0.6"
  
  safe-buffer@^5.1.0:
    version "5.2.1"
    resolved "https://npm.pri.ibanyu.com/safe-buffer/-/safe-buffer-5.2.1.tgz#1eaf9fa9bdb1fdd4ec75f58f9cdb4e6b7827eec6"
    integrity sha1-Hq+fqb2x/dTsdfWPnNtOa3gn7sY=
  
  schema-utils@^3.1.0, schema-utils@^3.1.1:
    version "3.1.1"
    resolved "https://npm.pri.ibanyu.com/schema-utils/-/schema-utils-3.1.1.tgz#bc74c4b6b6995c1d88f76a8b77bea7219e0c8281"
    integrity sha1-vHTEtraZXB2I92qLd76nIZ4MgoE=
    dependencies:
      "@types/json-schema" "^7.0.8"
      ajv "^6.12.5"
      ajv-keywords "^3.5.2"
  
  serialize-javascript@^6.0.0:
    version "6.0.0"
    resolved "https://npm.pri.ibanyu.com/serialize-javascript/-/serialize-javascript-6.0.0.tgz#efae5d88f45d7924141da8b5c3a7a7e663fefeb8"
    integrity sha1-765diPRdeSQUHai1w6en5mP+/rg=
    dependencies:
      randombytes "^2.1.0"
  
  shallow-clone@^3.0.0:
    version "3.0.1"
    resolved "https://npm.pri.ibanyu.com/shallow-clone/-/shallow-clone-3.0.1.tgz#8f2981ad92531f55035b01fb230769a40e02efa3"
    integrity sha1-jymBrZJTH1UDWwH7IwdppA4C76M=
    dependencies:
      kind-of "^6.0.2"
  
  shebang-command@^2.0.0:
    version "2.0.0"
    resolved "https://npm.pri.ibanyu.com/shebang-command/-/shebang-command-2.0.0.tgz#ccd0af4f8835fbdc265b82461aaf0c36663f34ea"
    integrity sha1-zNCvT4g1+9wmW4JGGq8MNmY/NOo=
    dependencies:
      shebang-regex "^3.0.0"
  
  shebang-regex@^3.0.0:
    version "3.0.0"
    resolved "https://npm.pri.ibanyu.com/shebang-regex/-/shebang-regex-3.0.0.tgz#ae16f1644d873ecad843b0307b143362d4c42172"
    integrity sha1-rhbxZE2HPsrYQ7AwexQzYtTEIXI=
  
  signal-exit@^3.0.3:
    version "3.0.3"
    resolved "https://npm.pri.ibanyu.com/signal-exit/-/signal-exit-3.0.3.tgz#a1410c2edd8f077b08b4e253c8eacfcaf057461c"
    integrity sha1-oUEMLt2PB3sItOJTyOrPyvBXRhw=
  
  source-map-support@~0.5.12, source-map-support@~0.5.20:
    version "0.5.20"
    resolved "https://npm.pri.ibanyu.com/source-map-support/-/source-map-support-0.5.20.tgz#12166089f8f5e5e8c56926b377633392dd2cb6c9"
    integrity sha1-EhZgifj15ejFaSazd2Mzkt0stsk=
    dependencies:
      buffer-from "^1.0.0"
      source-map "^0.6.0"
  
  source-map@^0.6.0, source-map@^0.6.1, source-map@~0.6.0, source-map@~0.6.1:
    version "0.6.1"
    resolved "https://npm.pri.ibanyu.com/source-map/-/source-map-0.6.1.tgz#74722af32e9614e9c287a8d0bbde48b5e2f1a263"
    integrity sha1-dHIq8y6WFOnCh6jQu95IteLxomM=
  
  source-map@~0.7.2:
    version "0.7.3"
    resolved "https://npm.pri.ibanyu.com/source-map/-/source-map-0.7.3.tgz#5302f8169031735226544092e64981f751750383"
    integrity sha1-UwL4FpAxc1ImVECS5kmB91F1A4M=
  
  strip-ansi@^3.0.1:
    version "3.0.1"
    resolved "https://npm.pri.ibanyu.com/strip-ansi/-/strip-ansi-3.0.1.tgz#6a385fb8853d952d5ff05d0e8aaf94278dc63dcf"
    integrity sha1-ajhfuIU9lS1f8F0Oiq+UJ43GPc8=
    dependencies:
      ansi-regex "^2.0.0"
  
  strip-final-newline@^2.0.0:
    version "2.0.0"
    resolved "https://npm.pri.ibanyu.com/strip-final-newline/-/strip-final-newline-2.0.0.tgz#89b852fb2fcbe936f6f4b3187afb0a12c1ab58ad"
    integrity sha1-ibhS+y/L6Tb29LMYevsKEsGrWK0=
  
  supports-color@^8.0.0:
    version "8.1.1"
    resolved "https://npm.pri.ibanyu.com/supports-color/-/supports-color-8.1.1.tgz#cd6fc17e28500cff56c1b86c0a7fd4a54a73005c"
    integrity sha1-zW/BfihQDP9WwbhsCn/UpUpzAFw=
    dependencies:
      has-flag "^4.0.0"
  
  tapable@^2.0.0, tapable@^2.1.1, tapable@^2.2.0:
    version "2.2.1"
    resolved "https://npm.pri.ibanyu.com/tapable/-/tapable-2.2.1.tgz#1967a73ef4060a82f12ab96af86d52fdb76eeca0"
    integrity sha1-GWenPvQGCoLxKrlq+G1S/bdu7KA=
  
  terser-webpack-plugin@^5.1.3:
    version "5.2.4"
    resolved "https://npm.pri.ibanyu.com/terser-webpack-plugin/-/terser-webpack-plugin-5.2.4.tgz#ad1be7639b1cbe3ea49fab995cbe7224b31747a1"
    integrity sha1-rRvnY5scvj6kn6uZXL5yJLMXR6E=
    dependencies:
      jest-worker "^27.0.6"
      p-limit "^3.1.0"
      schema-utils "^3.1.1"
      serialize-javascript "^6.0.0"
      source-map "^0.6.1"
      terser "^5.7.2"
  
  terser@^4.6.3:
    version "4.8.0"
    resolved "https://npm.pri.ibanyu.com/terser/-/terser-4.8.0.tgz#63056343d7c70bb29f3af665865a46fe03a0df17"
    integrity sha1-YwVjQ9fHC7KfOvZlhlpG/gOg3xc=
    dependencies:
      commander "^2.20.0"
      source-map "~0.6.1"
      source-map-support "~0.5.12"
  
  terser@^5.7.2:
    version "5.8.0"
    resolved "https://npm.pri.ibanyu.com/terser/-/terser-5.8.0.tgz#c6d352f91aed85cc6171ccb5e84655b77521d947"
    integrity sha1-xtNS+Rrthcxhccy16EZVt3Uh2Uc=
    dependencies:
      commander "^2.20.0"
      source-map "~0.7.2"
      source-map-support "~0.5.20"
  
  tslib@^2.0.3:
    version "2.3.1"
    resolved "https://npm.pri.ibanyu.com/tslib/-/tslib-2.3.1.tgz#e8a335add5ceae51aa261d32a490158ef042ef01"
    integrity sha1-6KM1rdXOrlGqJh0ypJAVjvBC7wE=
  
  uri-js@^4.2.2:
    version "4.4.1"
    resolved "https://npm.pri.ibanyu.com/uri-js/-/uri-js-4.4.1.tgz#9b1a52595225859e55f669d928f88c6c57f2a77e"
    integrity sha1-mxpSWVIlhZ5V9mnZKPiMbFfyp34=
    dependencies:
      punycode "^2.1.0"
  
  utila@~0.4:
    version "0.4.0"
    resolved "https://npm.pri.ibanyu.com/utila/-/utila-0.4.0.tgz#8a16a05d445657a3aea5eecc5b12a4fa5379772c"
    integrity sha1-ihagXURWV6Oupe7MWxKk+lN5dyw=
  
  v8-compile-cache@^2.2.0:
    version "2.3.0"
    resolved "https://npm.pri.ibanyu.com/v8-compile-cache/-/v8-compile-cache-2.3.0.tgz#2de19618c66dc247dcfb6f99338035d8245a2cee"
    integrity sha1-LeGWGMZtwkfc+2+ZM4A12CRaLO4=
  
  watchpack@^2.2.0:
    version "2.2.0"
    resolved "https://npm.pri.ibanyu.com/watchpack/-/watchpack-2.2.0.tgz#47d78f5415fe550ecd740f99fe2882323a58b1ce"
    integrity sha1-R9ePVBX+VQ7NdA+Z/iiCMjpYsc4=
    dependencies:
      glob-to-regexp "^0.4.1"
      graceful-fs "^4.1.2"
  
  webpack-cli@^4.8.0:
    version "4.8.0"
    resolved "https://npm.pri.ibanyu.com/webpack-cli/-/webpack-cli-4.8.0.tgz#5fc3c8b9401d3c8a43e2afceacfa8261962338d1"
    integrity sha1-X8PIuUAdPIpD4q/OrPqCYZYjONE=
    dependencies:
      "@discoveryjs/json-ext" "^0.5.0"
      "@webpack-cli/configtest" "^1.0.4"
      "@webpack-cli/info" "^1.3.0"
      "@webpack-cli/serve" "^1.5.2"
      colorette "^1.2.1"
      commander "^7.0.0"
      execa "^5.0.0"
      fastest-levenshtein "^1.0.12"
      import-local "^3.0.2"
      interpret "^2.2.0"
      rechoir "^0.7.0"
      v8-compile-cache "^2.2.0"
      webpack-merge "^5.7.3"
  
  webpack-merge@^5.7.3:
    version "5.8.0"
    resolved "https://npm.pri.ibanyu.com/webpack-merge/-/webpack-merge-5.8.0.tgz#2b39dbf22af87776ad744c390223731d30a68f61"
    integrity sha1-Kznb8ir4d3atdEw5AiNzHTCmj2E=
    dependencies:
      clone-deep "^4.0.1"
      wildcard "^2.0.0"
  
  webpack-sources@^3.2.0:
    version "3.2.1"
    resolved "https://npm.pri.ibanyu.com/webpack-sources/-/webpack-sources-3.2.1.tgz#251a7d9720d75ada1469ca07dbb62f3641a05b6d"
    integrity sha1-JRp9lyDXWtoUacoH27YvNkGgW20=
  
  webpack@^5.52.1:
    version "5.52.1"
    resolved "https://npm.pri.ibanyu.com/webpack/-/webpack-5.52.1.tgz#2dc1d9029ecb7acfb80da7bf67baab67baa517a7"
    integrity sha1-LcHZAp7Les+4Dae/Z7qrZ7qlF6c=
    dependencies:
      "@types/eslint-scope" "^3.7.0"
      "@types/estree" "^0.0.50"
      "@webassemblyjs/ast" "1.11.1"
      "@webassemblyjs/wasm-edit" "1.11.1"
      "@webassemblyjs/wasm-parser" "1.11.1"
      acorn "^8.4.1"
      acorn-import-assertions "^1.7.6"
      browserslist "^4.14.5"
      chrome-trace-event "^1.0.2"
      enhanced-resolve "^5.8.0"
      es-module-lexer "^0.7.1"
      eslint-scope "5.1.1"
      events "^3.2.0"
      glob-to-regexp "^0.4.1"
      graceful-fs "^4.2.4"
      json-parse-better-errors "^1.0.2"
      loader-runner "^4.2.0"
      mime-types "^2.1.27"
      neo-async "^2.6.2"
      schema-utils "^3.1.0"
      tapable "^2.1.1"
      terser-webpack-plugin "^5.1.3"
      watchpack "^2.2.0"
      webpack-sources "^3.2.0"
  
  which@^2.0.1:
    version "2.0.2"
    resolved "https://npm.pri.ibanyu.com/which/-/which-2.0.2.tgz#7c6a8dd0a636a0327e10b59c9286eee93f3f51b1"
    integrity sha1-fGqN0KY2oDJ+ELWckobu6T8/UbE=
    dependencies:
      isexe "^2.0.0"
  
  wildcard@^2.0.0:
    version "2.0.0"
    resolved "https://npm.pri.ibanyu.com/wildcard/-/wildcard-2.0.0.tgz#a77d20e5200c6faaac979e4b3aadc7b3dd7f8fec"
    integrity sha1-p30g5SAMb6qsl55LOq3Hs91/j+w=
  
  yocto-queue@^0.1.0:
    version "0.1.0"
    resolved "https://npm.pri.ibanyu.com/yocto-queue/-/yocto-queue-0.1.0.tgz#0294eb3dee05028d31ee1a5fa2c556a6aaf10a1b"
    integrity sha1-ApTrPe4FAo0x7hpfosVWpqrxChs=
